############### THE GATES ARE OPEN ###############

################ GATE 1: DEVICES ################
Cache set: /dev/ram0
Backing device: /dev/sda7


bash: modprobe: command not found
Created ramdisks with size 2621440 bytes
bash: mkfs: command not found
Formated backing device as ext3

################## GATE 2: FORMATTING ##################
bash: make-bcache: command not found
Cache set has been formatted
bash: make-bcache: command not found
Backing device has been formatted
bash: /sys/fs/bcache/register: Permission denied
Cache set has been registered
bash: /sys/fs/bcache/register: Permission denied
Backing device has been registered
Bcache special device is dev/.
bash: /sys/block//bcache/attach: No such file or directory
bash: /sys/block//bcache/cache/congested_read_threshold_us: No such file or directory
bash: /sys/block//bcache/cache/congested_write_threshold_us: No such file or directory
bash: mkfs: command not found
mount: only root can do that
Bcache special device has been formatted and mounted
#################### GATE 3: BENCHMARKS ################
	Iozone: Performance Test of File I/O
	        Version $Revision: 3.397 $
		Compiled for 32 bit mode.
		Build: linux 

	Contributors:William Norcott, Don Capps, Isom Crawford, Kirby Collins
	             Al Slater, Scott Rhine, Mike Wisner, Ken Goss
	             Steve Landherr, Brad Smith, Mark Kelly, Dr. Alain CYR,
	             Randy Dunlap, Mark Montague, Dan Million, Gavin Brebner,
	             Jean-Marc Zucconi, Jeff Blomberg, Benny Halevy, Dave Boone,
	             Erik Habbinga, Kris Strecker, Walter Wong, Joshua Root,
	             Fabrice Bacchella, Zhenghua Xue, Qin Li, Darren Sawyer.
	             Ben England.

	Run began: Tue Oct 16 02:15:36 2012

	Auto Mode
	Cross over of record size disabled.
	Using minimum file size of 131072 kilobytes.
	Using maximum file size of 2097152 kilobytes.
	Using Maximum Record Size 32 KB
	O_DIRECT feature enabled
	Excel chart generation enabled
	Command line used: iozone -az -i 0 -i 1 -i 2 -n 128M -g 2G -q 32K -I -t 1 -Rb /home/brainfree/playground/io_tests/results/b_16-10-12_02:15:36.ods
	Output is in Kbytes/sec

	Can not mix throughput mode and auto-mode flags.

chown: cannot access `/home/brainfree/playground/io_tests/results/b_16-10-12_02:15:36.ods': No such file or directory
	Iozone: Performance Test of File I/O
	        Version $Revision: 3.397 $
		Compiled for 32 bit mode.
		Build: linux 

	Contributors:William Norcott, Don Capps, Isom Crawford, Kirby Collins
	             Al Slater, Scott Rhine, Mike Wisner, Ken Goss
	             Steve Landherr, Brad Smith, Mark Kelly, Dr. Alain CYR,
	             Randy Dunlap, Mark Montague, Dan Million, Gavin Brebner,
	             Jean-Marc Zucconi, Jeff Blomberg, Benny Halevy, Dave Boone,
	             Erik Habbinga, Kris Strecker, Walter Wong, Joshua Root,
	             Fabrice Bacchella, Zhenghua Xue, Qin Li, Darren Sawyer.
	             Ben England.

	Run began: Tue Oct 16 02:15:36 2012

	Auto Mode
	Cross over of record size disabled.
	Using minimum file size of 131072 kilobytes.
	Using maximum file size of 2097152 kilobytes.
	Using Maximum Record Size 32 KB
	O_DIRECT feature enabled
	Excel chart generation enabled
	Command line used: iozone -az -i 0 -i 1 -i 2 -n 128M -g 2G -q 32K -I -t 4 -Rb /home/brainfree/playground/io_tests/results/b_16-10-12_02:15:36.ods
	Output is in Kbytes/sec

	Can not mix throughput mode and auto-mode flags.

chown: cannot access `/home/brainfree/playground/io_tests/results/b_16-10-12_02:15:36.ods': No such file or directory
	Iozone: Performance Test of File I/O
	        Version $Revision: 3.397 $
		Compiled for 32 bit mode.
		Build: linux 

	Contributors:William Norcott, Don Capps, Isom Crawford, Kirby Collins
	             Al Slater, Scott Rhine, Mike Wisner, Ken Goss
	             Steve Landherr, Brad Smith, Mark Kelly, Dr. Alain CYR,
	             Randy Dunlap, Mark Montague, Dan Million, Gavin Brebner,
	             Jean-Marc Zucconi, Jeff Blomberg, Benny Halevy, Dave Boone,
	             Erik Habbinga, Kris Strecker, Walter Wong, Joshua Root,
	             Fabrice Bacchella, Zhenghua Xue, Qin Li, Darren Sawyer.
	             Ben England.

	Run began: Tue Oct 16 02:15:36 2012

	Auto Mode
	Cross over of record size disabled.
	Using minimum file size of 131072 kilobytes.
	Using maximum file size of 2097152 kilobytes.
	Using Maximum Record Size 32 KB
	O_DIRECT feature enabled
	Excel chart generation enabled
	Command line used: iozone -az -i 0 -i 1 -i 2 -n 128M -g 2G -q 32K -I -t 16 -Rb /home/brainfree/playground/io_tests/results/b_16-10-12_02:15:36.ods
	Output is in Kbytes/sec

	Can not mix throughput mode and auto-mode flags.

chown: cannot access `/home/brainfree/playground/io_tests/results/b_16-10-12_02:15:36.ods': No such file or directory
	Iozone: Performance Test of File I/O
	        Version $Revision: 3.397 $
		Compiled for 32 bit mode.
		Build: linux 

	Contributors:William Norcott, Don Capps, Isom Crawford, Kirby Collins
	             Al Slater, Scott Rhine, Mike Wisner, Ken Goss
	             Steve Landherr, Brad Smith, Mark Kelly, Dr. Alain CYR,
	             Randy Dunlap, Mark Montague, Dan Million, Gavin Brebner,
	             Jean-Marc Zucconi, Jeff Blomberg, Benny Halevy, Dave Boone,
	             Erik Habbinga, Kris Strecker, Walter Wong, Joshua Root,
	             Fabrice Bacchella, Zhenghua Xue, Qin Li, Darren Sawyer.
	             Ben England.

	Run began: Tue Oct 16 02:15:36 2012

	Auto Mode
	Cross over of record size disabled.
	Using minimum file size of 131072 kilobytes.
	Using maximum file size of 2097152 kilobytes.
	Using Maximum Record Size 32 KB
	O_DIRECT feature enabled
	Excel chart generation enabled
	Command line used: iozone -az -i 0 -i 1 -i 2 -n 128M -g 2G -q 32K -I -t 64 -Rb /home/brainfree/playground/io_tests/results/b_16-10-12_02:15:36.ods
	Output is in Kbytes/sec

	Can not mix throughput mode and auto-mode flags.

chown: cannot access `/home/brainfree/playground/io_tests/results/b_16-10-12_02:15:36.ods': No such file or directory
