############### THE GATES ARE OPEN ###############

################ GATE 1: DEVICES ################
Cache set: /dev/ram0
Backing device: /dev/sda7


Created ramdisks with size 2621440 bytes
Formated backing device as ext3

################## GATE 2: FORMATTING ##################
Cache set has been formatted
UUID:			05b095e6-0654-4580-a00d-d7ac08e6b670
Set UUID:		1d01ef35-d654-4384-bea7-aa0659ee3db3
nbuckets:		70160
block_size:		8
bucket_size:		1024
nr_in_set:		1
nr_this_dev:		0
first_bucket:		1
Backing device has been formatted
Cache set has been registered
Backing device has been registered
Bcache virtual device is dev/bcache0.
Bcache virtual device has been formatted and mounted
#################### GATE 3: BENCHMARKS ################
(no benchmark actually...)
