############### THE GATES ARE OPEN ###############

################ GATE 1: DEVICES ################
Cache set: /dev/ram0
Backing device: /dev/sda7


Created ramdisks with size 2621440 bytes
Formated backing device as ext3

################## GATE 2: FORMATTING ##################
Cache set has been formatted
UUID:			53d6b852-a545-41eb-95ec-8ae9b66e07d4
Set UUID:		5a513a76-5e29-4479-8308-ef2eeb86ebf8
nbuckets:		70160
block_size:		8
bucket_size:		1024
nr_in_set:		1
nr_this_dev:		0
first_bucket:		1
Backing device has been formatted
Cache set has been registered
Backing device has been registered
Bcache virtual device is dev/bcache0.
Bcache virtual device has been formatted and mounted
#################### GATE 3: BENCHMARKS ################
(no benchmark actually...)
