############### THE GATES ARE OPEN ###############

################ GATE 1: DEVICES ################
Cache set: /dev/ram0
Backing device: /dev/sda7


Created ramdisks with size 2621440 bytes
Formated backing device as ext3

################## GATE 2: FORMATTING ##################
Cache set has been formatted
UUID:			e238573b-a68c-435c-be9d-8025e38efe5a
Set UUID:		e355b4ee-2827-497d-9829-e598a8bdcac0
nbuckets:		70160
block_size:		8
bucket_size:		1024
nr_in_set:		1
nr_this_dev:		0
first_bucket:		1
Backing device has been formatted
Cache set has been registered
Backing device has been registered
Bcache virtual device is dev/bcache0.
Bcache virtual device has been formatted and mounted
#################### GATE 3: BENCHMARKS ################
(no benchmark actually...)
