############### THE GATES ARE OPEN ###############

################ GATE 1: DEVICES ################
Cache set: /dev/ram0
Backing device: /dev/sda7


Created ramdisks with size 2621440 bytes
Formated backing device as ext3

################## GATE 2: FORMATTING ##################
Cache set has been formatted
UUID:			fb5a2868-1c58-4d9a-ad94-1106e8d56bcf
Set UUID:		6d2bca8a-24b2-481e-a62f-6a02f442e15e
nbuckets:		70160
block_size:		8
bucket_size:		1024
nr_in_set:		1
nr_this_dev:		0
first_bucket:		1
Backing device has been formatted
Cache set has been registered
Backing device has been registered
Bcache special device is dev/bcache0.
Bcache special device has been formatted and mounted
#################### GATE 3: BENCHMARKS ################
(no benchmark actually...)
