############### THE GATES ARE OPEN ###############

################ GATE 1: DEVICES ################
Cache set: /dev/ram0
Backing device: /dev/sda7


Created ramdisks with size 2621440 bytes
/dev/sda7 is apparently in use by the system; will not make a filesystem here!
Formated backing device as ext3

################## GATE 2: FORMATTING ##################
Cache set has been formatted
UUID:			04f3c69e-8c30-48d8-b5a8-0343c766cecf
Set UUID:		c1efb544-15b0-431f-a737-0790780faff0
nbuckets:		70160
block_size:		8
bucket_size:		1024
nr_in_set:		1
nr_this_dev:		0
first_bucket:		1
Backing device has been formatted
Cache set has been registered
Backing device has been registered
Bcache special device is dev/bcache5.
/dev/bcache5 is mounted; will not make a filesystem here!
mount: /dev/bcache5 already mounted or /media/bcache busy
mount: according to mtab, /dev/bcache5 is already mounted on /media/bcache
Bcache special device has been formatted and mounted
#################### GATE 3: BENCHMARKS ################
(no benchmark actually...)
