############### THE GATES ARE OPEN ###############

################ GATE 1: DEVICES ################
Cache set: /dev/ram0
Backing device: /dev/sda7


Created ramdisks with size 2621440 bytes
Formated backing device as ext3

################## GATE 2: FORMATTING ##################
Cache set has been formatted
UUID:			549b6a00-c417-4738-8bf6-4aa83c396629
Set UUID:		fafb1b97-2143-4f36-9cae-1981915c1aff
nbuckets:		70160
block_size:		8
bucket_size:		1024
nr_in_set:		1
nr_this_dev:		0
first_bucket:		1
Backing device has been formatted
Cache set has been registered
Backing device has been registered
Bcache special device is dev/bcache0.
Bcache special device has been formatted and mounted
#################### GATE 3: BENCHMARKS ################
(no benchmark actually...)
