############### THE GATES ARE OPEN ###############

################ GATE 1: DEVICES ################
Cache set: /dev/ram0
Backing device: /dev/sda7


Created ramdisks with size 2621440 bytes
Formated backing device as ext3

################## GATE 2: FORMATTING ##################
Cache set has been formatted
UUID:			2ec04cf3-913a-4fe3-871f-77c52bdff75e
Set UUID:		75b0cc81-dd8e-4a65-8299-5acafd9a3f63
nbuckets:		70160
block_size:		8
bucket_size:		1024
nr_in_set:		1
nr_this_dev:		0
first_bucket:		1
Backing device has been formatted
Cache set has been registered
Backing device has been registered
Bcache special device is dev/bcache5.
Bcache special device has been formatted and mounted
#################### GATE 3: BENCHMARKS ################
	Iozone: Performance Test of File I/O
	        Version $Revision: 3.397 $
		Compiled for 32 bit mode.
		Build: linux 

	Contributors:William Norcott, Don Capps, Isom Crawford, Kirby Collins
	             Al Slater, Scott Rhine, Mike Wisner, Ken Goss
	             Steve Landherr, Brad Smith, Mark Kelly, Dr. Alain CYR,
	             Randy Dunlap, Mark Montague, Dan Million, Gavin Brebner,
	             Jean-Marc Zucconi, Jeff Blomberg, Benny Halevy, Dave Boone,
	             Erik Habbinga, Kris Strecker, Walter Wong, Joshua Root,
	             Fabrice Bacchella, Zhenghua Xue, Qin Li, Darren Sawyer.
	             Ben England.

	Run began: Wed Oct 17 23:04:35 2012

	File size set to 131072 KB
	Record Size 4 KB
	O_DIRECT feature enabled
	POSIX Async I/O (no bcopy). Depth 64 
	Excel chart generation enabled
	Command line used: iozone -i 0 -i 1 -i 2 -i 8 -s 128M -r 4K -I -k 64 -Rb /home/brainfree/playground/io_tests/results/throughput_sync_17-10-12_23:04:11.ods
	Output is in Kbytes/sec
	Time Resolution = 0.000001 seconds.
	Processor cache size set to 1024 Kbytes.
	Processor cache line size set to 32 bytes.
	File stride size set to 17 * record size.
                                                            random  random    bkwd   record   stride                                   
              KB  reclen   write rewrite    read    reread    read   write    read  rewrite     read                                   
          131072       4  101416  145069   212692   217812  211919  116932                                          

iozone test complete.
Excel output is below:

"Writer report"
        "4"
"131072"   101416 

"Re-writer report"
        "4"
"131072"   145069 

"Reader report"
        "4"
"131072"   212692 

"Re-Reader report"
        "4"
"131072"   217812 

"Random read report"
        "4"
"131072"   211919 

"Random write report"
        "4"
"131072"   116932 
