############### THE GATES ARE OPEN ###############

################ GATE 1: DEVICES ################
Cache set: /dev/ram0
Backing device: /dev/sda7


Created ramdisks with size 2621440 bytes
/dev/sda7 is apparently in use by the system; will not make a filesystem here!
Formated backing device as ext3

################## GATE 2: FORMATTING ##################
Cache set has been formatted
UUID:			5f1bd3e8-3a80-4f18-8f53-fd9ef2418b4b
Set UUID:		1d7bd7a0-4532-47fd-810f-af641346e130
nbuckets:		70160
block_size:		8
bucket_size:		1024
nr_in_set:		1
nr_this_dev:		0
first_bucket:		1
Backing device has been formatted
Cache set has been registered
Backing device has been registered
Bcache special device is dev/bcache1.
/dev/bcache1 is mounted; will not make a filesystem here!
mount: /dev/bcache1 already mounted or /media/bcache busy
mount: according to mtab, /dev/bcache1 is already mounted on /media/bcache
Bcache special device has been formatted and mounted
#################### GATE 3: BENCHMARKS ################
	Iozone: Performance Test of File I/O
	        Version $Revision: 3.397 $
		Compiled for 32 bit mode.
		Build: linux 

	Contributors:William Norcott, Don Capps, Isom Crawford, Kirby Collins
	             Al Slater, Scott Rhine, Mike Wisner, Ken Goss
	             Steve Landherr, Brad Smith, Mark Kelly, Dr. Alain CYR,
	             Randy Dunlap, Mark Montague, Dan Million, Gavin Brebner,
	             Jean-Marc Zucconi, Jeff Blomberg, Benny Halevy, Dave Boone,
	             Erik Habbinga, Kris Strecker, Walter Wong, Joshua Root,
	             Fabrice Bacchella, Zhenghua Xue, Qin Li, Darren Sawyer.
	             Ben England.

	Run began: Tue Oct 16 21:59:50 2012

	File size set to 131072 KB
	Record Size 4 KB
	O_DIRECT feature enabled
	Excel chart generation enabled
	Command line used: iozone -i 0 -i 1 -i 2 -s 128M -r 4K -I -t 64 -Rb /home/brainfree/playground/io_tests/results/throughput_sync_64_16-10-12_21:59:50.ods
	Output is in Kbytes/sec
	Time Resolution = 0.000001 seconds.
	Processor cache size set to 1024 Kbytes.
	Processor cache line size set to 32 bytes.
	File stride size set to 17 * record size.
	Throughput test with 64 processes
	Each process writes a 131072 Kbyte file in 4 Kbyte records
