############### THE GATES ARE OPEN ###############

################ GATE 1: DEVICES ################
Cache set: /dev/ram0
Backing device: /dev/sda7


Created ramdisks with size 2621440 bytes
Formated backing device as ext3

################## GATE 2: FORMATTING ##################
Cache set has been formatted
UUID:			c131c758-30e1-42e3-ab00-454f8bb3f5ff
Set UUID:		b096f982-c426-4a22-a236-fe2a68e092a5
nbuckets:		70160
block_size:		8
bucket_size:		1024
nr_in_set:		1
nr_this_dev:		0
first_bucket:		1
Backing device has been formatted
Bcache special device is dev/bcache0.
#################### GATE 3: BENCHMARKS ################
	Iozone: Performance Test of File I/O
	        Version $Revision: 3.397 $
		Compiled for 32 bit mode.
		Build: linux 

	Contributors:William Norcott, Don Capps, Isom Crawford, Kirby Collins
	             Al Slater, Scott Rhine, Mike Wisner, Ken Goss
	             Steve Landherr, Brad Smith, Mark Kelly, Dr. Alain CYR,
	             Randy Dunlap, Mark Montague, Dan Million, Gavin Brebner,
	             Jean-Marc Zucconi, Jeff Blomberg, Benny Halevy, Dave Boone,
	             Erik Habbinga, Kris Strecker, Walter Wong, Joshua Root,
	             Fabrice Bacchella, Zhenghua Xue, Qin Li, Darren Sawyer.
	             Ben England.

	Run began: Thu Sep 13 11:00:04 2012

	Auto Mode
	Cross over of record size disabled.
	Using minimum file size of 131072 kilobytes.
	Using maximum file size of 2097152 kilobytes.
	Using Maximum Record Size 32 KB
	O_DIRECT feature enabled
	Excel chart generation enabled
	Command line used: iozone -az -i 0 -i 1 -i 2 -n 128M -g 2G -q 32K -I -f /media/bcache/tmp -Rb /home/brainfree/io_tests/results/writeback_script_cfq_v1_13-09-12_10:59:31.ods
	Output is in Kbytes/sec
	Time Resolution = 0.000001 seconds.
	Processor cache size set to 1024 Kbytes.
	Processor cache line size set to 32 bytes.
	File stride size set to 17 * record size.
                                                            random  random    bkwd   record   stride                                   
              KB  reclen   write rewrite    read    reread    read   write    read  rewrite     read   fwrite frewrite   fread  freread
          131072       4   64344   87565   546531   575240  531928   66180                                                          
          131072       8  100099  138160   699367   752085  714413  118331                                                          
          131072      16  153465  203086   897415   943181  905725  179817                                                          
          131072      32  214562  273658  1026324  1071024 1031420  240638                                                          
          262144       4   56597   80357   508876   517167  468116   63896                                                          
          262144       8   99980  124822   669282   667913  647617  105358                                                          
          262144      16  144399  185070   878245   927552  777008  151602                                                          
          262144      32  162611  208240  1019329  1052321  998643  160090                                                          
          524288       4   57822   82291   524061   526802  461709   62674                                                          
          524288       8   92298  133508   734126   710177  630770  105471                                                          
          524288      16  143492  169736   901357   915479  835159  152313                                                          
          524288      32  151450  162914  1043591  1069262  987038  174127                                                          
         1048576       4   55428   78741   517324   518503  443494   60808                                                          
         1048576       8  100122  110561   695775   629502  290730    8247                                                          
         1048576      16  133692   99093   432091   373633   22883  152273                                                          
         1048576      32  137124  120710   875289   939273  531438    4108                                                          
         2097152       4   50429   82894   513050   513521  436009    5438                                                          
         2097152       8   65524   63377    67461    63780    1557   12549                                                          
         2097152      16   52888   51065    49649    50989    1424   56959                                                          
         2097152      32   46184   45902    45636    44942    2734   57748                                                          

iozone test complete.
Excel output is below:

"Writer report"
        "4"  "8"  "16"  "32"
"131072"   64344  100099  153465  214562 
"262144"   56597  99980  144399  162611 
"524288"   57822  92298  143492  151450 
"1048576"   55428  100122  133692  137124 
"2097152"   50429  65524  52888  46184 

"Re-writer report"
        "4"  "8"  "16"  "32"
"131072"   87565  138160  203086  273658 
"262144"   80357  124822  185070  208240 
"524288"   82291  133508  169736  162914 
"1048576"   78741  110561  99093  120710 
"2097152"   82894  63377  51065  45902 

"Reader report"
        "4"  "8"  "16"  "32"
"131072"   546531  699367  897415  1026324 
"262144"   508876  669282  878245  1019329 
"524288"   524061  734126  901357  1043591 
"1048576"   517324  695775  432091  875289 
"2097152"   513050  67461  49649  45636 

"Re-Reader report"
        "4"  "8"  "16"  "32"
"131072"   575240  752085  943181  1071024 
"262144"   517167  667913  927552  1052321 
"524288"   526802  710177  915479  1069262 
"1048576"   518503  629502  373633  939273 
"2097152"   513521  63780  50989  44942 

"Random read report"
        "4"  "8"  "16"  "32"
"131072"   531928  714413  905725  1031420 
"262144"   468116  647617  777008  998643 
"524288"   461709  630770  835159  987038 
"1048576"   443494  290730  22883  531438 
"2097152"   436009  1557  1424  2734 

"Random write report"
        "4"  "8"  "16"  "32"
"131072"   66180  118331  179817  240638 
"262144"   63896  105358  151602  160090 
"524288"   62674  105471  152313  174127 
"1048576"   60808  8247  152273  4108 
"2097152"   5438  12549  56959  57748 
	Iozone: Performance Test of File I/O
	        Version $Revision: 3.397 $
		Compiled for 32 bit mode.
		Build: linux 

	Contributors:William Norcott, Don Capps, Isom Crawford, Kirby Collins
	             Al Slater, Scott Rhine, Mike Wisner, Ken Goss
	             Steve Landherr, Brad Smith, Mark Kelly, Dr. Alain CYR,
	             Randy Dunlap, Mark Montague, Dan Million, Gavin Brebner,
	             Jean-Marc Zucconi, Jeff Blomberg, Benny Halevy, Dave Boone,
	             Erik Habbinga, Kris Strecker, Walter Wong, Joshua Root,
	             Fabrice Bacchella, Zhenghua Xue, Qin Li, Darren Sawyer.
	             Ben England.

	Run began: Thu Sep 13 12:30:57 2012

	Auto Mode
	Cross over of record size disabled.
	Using minimum file size of 131072 kilobytes.
	Using maximum file size of 2097152 kilobytes.
	Using Maximum Record Size 32 KB
	O_DIRECT feature enabled
	Excel chart generation enabled
	Command line used: iozone -az -i 0 -i 1 -i 2 -n 128M -g 2G -q 32K -I -f /media/bcache/tmp -Rb /home/brainfree/io_tests/results/writeback_script_cfq_v2.1_13-09-12_10:59:31.ods
	Output is in Kbytes/sec
	Time Resolution = 0.000001 seconds.
	Processor cache size set to 1024 Kbytes.
	Processor cache line size set to 32 bytes.
	File stride size set to 17 * record size.
                                                            random  random    bkwd   record   stride                                   
              KB  reclen   write rewrite    read    reread    read   write    read  rewrite     read   fwrite frewrite   fread  freread
          131072       4   31853   37901   477728   496368  462873     851                                                          
          131072       8   34835   33776   751529   741932  689196    1779                                                          
          131072      16   39418   37747   465419   527414  300723    3145                                                          
          131072      32   39565   40763    81455    80494    3523    7772                                                          
          262144       4   57395   82659   504554   518801  458716   63950                                                          
          262144       8  106522  127319   736289   757698  684797  111572                                                          
          262144      16  147510  167616   927480   950234  877357  145927                                                          
          262144      32  165911  197577  1066554  1102283 1042276  170748                                                          
          524288       4   53466   79782   521613   526470  458448   60987                                                          
          524288       8  103481  125908   736032   681543  618512  106338                                                          
          524288      16  146726  178941   919480   940568  858329  159769                                                          
          524288      32  174234  177659  1084743  1101882 1032313  163627                                                          
         1048576       4   56482   83064   525964   527445  452810   60706                                                          
         1048576       8   96023  131499   740486   713675  641536  104648                                                          
         1048576      16  137336  107291   355930   295719   14282  154389                                                          
         1048576      32  156863  111774   186260   180727   12788  175137                                                          
         2097152       4   56699   80476   524079   524187  446214    8874                                                          
         2097152       8   51879   67352    75704    72471    1562   21075                                                          
         2097152      16   47744   48213    47759    47920    1181   28355                                                          
         2097152      32   43536   43316    43879    43500    2722   48520                                                          

iozone test complete.
Excel output is below:

"Writer report"
        "4"  "8"  "16"  "32"
"131072"   31853  34835  39418  39565 
"262144"   57395  106522  147510  165911 
"524288"   53466  103481  146726  174234 
"1048576"   56482  96023  137336  156863 
"2097152"   56699  51879  47744  43536 

"Re-writer report"
        "4"  "8"  "16"  "32"
"131072"   37901  33776  37747  40763 
"262144"   82659  127319  167616  197577 
"524288"   79782  125908  178941  177659 
"1048576"   83064  131499  107291  111774 
"2097152"   80476  67352  48213  43316 

"Reader report"
        "4"  "8"  "16"  "32"
"131072"   477728  751529  465419  81455 
"262144"   504554  736289  927480  1066554 
"524288"   521613  736032  919480  1084743 
"1048576"   525964  740486  355930  186260 
"2097152"   524079  75704  47759  43879 

"Re-Reader report"
        "4"  "8"  "16"  "32"
"131072"   496368  741932  527414  80494 
"262144"   518801  757698  950234  1102283 
"524288"   526470  681543  940568  1101882 
"1048576"   527445  713675  295719  180727 
"2097152"   524187  72471  47920  43500 

"Random read report"
        "4"  "8"  "16"  "32"
"131072"   462873  689196  300723  3523 
"262144"   458716  684797  877357  1042276 
"524288"   458448  618512  858329  1032313 
"1048576"   452810  641536  14282  12788 
"2097152"   446214  1562  1181  2722 

"Random write report"
        "4"  "8"  "16"  "32"
"131072"   851  1779  3145  7772 
"262144"   63950  111572  145927  170748 
"524288"   60987  106338  159769  163627 
"1048576"   60706  104648  154389  175137 
"2097152"   8874  21075  28355  48520 
	Iozone: Performance Test of File I/O
	        Version $Revision: 3.397 $
		Compiled for 32 bit mode.
		Build: linux 

	Contributors:William Norcott, Don Capps, Isom Crawford, Kirby Collins
	             Al Slater, Scott Rhine, Mike Wisner, Ken Goss
	             Steve Landherr, Brad Smith, Mark Kelly, Dr. Alain CYR,
	             Randy Dunlap, Mark Montague, Dan Million, Gavin Brebner,
	             Jean-Marc Zucconi, Jeff Blomberg, Benny Halevy, Dave Boone,
	             Erik Habbinga, Kris Strecker, Walter Wong, Joshua Root,
	             Fabrice Bacchella, Zhenghua Xue, Qin Li, Darren Sawyer.
	             Ben England.

	Run began: Thu Sep 13 14:05:46 2012

	Auto Mode
	Cross over of record size disabled.
	Using minimum file size of 131072 kilobytes.
	Using maximum file size of 2097152 kilobytes.
	Using Maximum Record Size 32 KB
	O_DIRECT feature enabled
	Excel chart generation enabled
	Command line used: iozone -az -i 0 -i 1 -i 2 -n 128M -g 2G -q 32K -I -f /media/bcache/tmp -Rb /home/brainfree/io_tests/results/writeback_script_cfq_v2.2_13-09-12_10:59:31.ods
	Output is in Kbytes/sec
	Time Resolution = 0.000001 seconds.
	Processor cache size set to 1024 Kbytes.
	Processor cache line size set to 32 bytes.
	File stride size set to 17 * record size.
                                                            random  random    bkwd   record   stride                                   
              KB  reclen   write rewrite    read    reread    read   write    read  rewrite     read   fwrite frewrite   fread  freread
          131072       4   34155   37675   441620   343177  387593     870                                                          
          131072       8   34979   35135   342089   328343  105826    1818                                                          
          131072      16   39555   37088   534405   452185  153417    3245                                                          
          131072      32   39215   37930    48635    46180    3794    7555                                                          
          262144       4   46523   83932   527986   533295  479256   63492                                                          
          262144       8  101513  127463   745015   765522  690848  108486                                                          
          262144      16  151350  168013   921760   963215  892371  163520                                                          
          262144      32  152367  186047  1047992  1102195 1044357  172852                                                          
          524288       4   55779   83943   527440   534950  464652   61563                                                          
          524288       8  102184  127393   746721   759476  675060  109588                                                          
          524288      16  156971  181622   909686   902100  817028  154650                                                          
          524288      32  163060  200879  1087071  1106230 1035377  167275                                                          
         1048576       4   56601   82106   518142   521809  448578   62273                                                          
         1048576       8   93774  127014   762416   768408  679281  106855                                                          
         1048576      16  148044   95556   173493   174790    6065  156862                                                          
         1048576      32  128498  116375   765609   717078  149226   10885                                                          
         2097152       4   55984   82217   522070   520669  443475    5787                                                          
         2097152       8   59533   55996    72598    68295    1499  108018                                                          
         2097152      16   53589   49069    48971    48773    1226   24668                                                          
         2097152      32   52905   45443    46522    46814    2688   43144                                                          

iozone test complete.
Excel output is below:

"Writer report"
        "4"  "8"  "16"  "32"
"131072"   34155  34979  39555  39215 
"262144"   46523  101513  151350  152367 
"524288"   55779  102184  156971  163060 
"1048576"   56601  93774  148044  128498 
"2097152"   55984  59533  53589  52905 

"Re-writer report"
        "4"  "8"  "16"  "32"
"131072"   37675  35135  37088  37930 
"262144"   83932  127463  168013  186047 
"524288"   83943  127393  181622  200879 
"1048576"   82106  127014  95556  116375 
"2097152"   82217  55996  49069  45443 

"Reader report"
        "4"  "8"  "16"  "32"
"131072"   441620  342089  534405  48635 
"262144"   527986  745015  921760  1047992 
"524288"   527440  746721  909686  1087071 
"1048576"   518142  762416  173493  765609 
"2097152"   522070  72598  48971  46522 

"Re-Reader report"
        "4"  "8"  "16"  "32"
"131072"   343177  328343  452185  46180 
"262144"   533295  765522  963215  1102195 
"524288"   534950  759476  902100  1106230 
"1048576"   521809  768408  174790  717078 
"2097152"   520669  68295  48773  46814 

"Random read report"
        "4"  "8"  "16"  "32"
"131072"   387593  105826  153417  3794 
"262144"   479256  690848  892371  1044357 
"524288"   464652  675060  817028  1035377 
"1048576"   448578  679281  6065  149226 
"2097152"   443475  1499  1226  2688 

"Random write report"
        "4"  "8"  "16"  "32"
"131072"   870  1818  3245  7555 
"262144"   63492  108486  163520  172852 
"524288"   61563  109588  154650  167275 
"1048576"   62273  106855  156862  10885 
"2097152"   5787  108018  24668  43144 
