############### THE GATES ARE OPEN ###############

################ GATE 1: DEVICES ################
Cache set: /dev/ram0
Backing device: /dev/sda7


Created ramdisks with size 2621440 bytes
Formated backing device as ext3

################## GATE 2: FORMATTING ##################
Cache set has been formatted
UUID:			13ba4a5a-0e84-4df0-9999-65459512567a
Set UUID:		f36a9d51-8649-4059-99f3-d21c1df73eb8
nbuckets:		70160
block_size:		8
bucket_size:		1024
nr_in_set:		1
nr_this_dev:		0
first_bucket:		1
Backing device has been formatted
Bcache special device is dev/bcache0.
#################### GATE 3: BENCHMARKS ################
	Iozone: Performance Test of File I/O
	        Version $Revision: 3.397 $
		Compiled for 32 bit mode.
		Build: linux 

	Contributors:William Norcott, Don Capps, Isom Crawford, Kirby Collins
	             Al Slater, Scott Rhine, Mike Wisner, Ken Goss
	             Steve Landherr, Brad Smith, Mark Kelly, Dr. Alain CYR,
	             Randy Dunlap, Mark Montague, Dan Million, Gavin Brebner,
	             Jean-Marc Zucconi, Jeff Blomberg, Benny Halevy, Dave Boone,
	             Erik Habbinga, Kris Strecker, Walter Wong, Joshua Root,
	             Fabrice Bacchella, Zhenghua Xue, Qin Li, Darren Sawyer.
	             Ben England.

	Run began: Tue Oct  9 19:29:05 2012

	Auto Mode
	Cross over of record size disabled.
	Using minimum file size of 131072 kilobytes.
	Using maximum file size of 2097152 kilobytes.
	Using Maximum Record Size 32 KB
	O_DIRECT feature enabled
	Excel chart generation enabled
	Command line used: iozone -az -i 0 -i 1 -i 2 -n 128M -g 2G -q 32K -I -f /media/bcache/tmp -Rb /home/brainfree/io_tests/results/writeback_script_cfq_v1_09-10-12_19:28:34.ods
	Output is in Kbytes/sec
	Time Resolution = 0.000001 seconds.
	Processor cache size set to 1024 Kbytes.
	Processor cache line size set to 32 bytes.
	File stride size set to 17 * record size.
                                                            random  random    bkwd   record   stride                                   
              KB  reclen   write rewrite    read    reread    read   write    read  rewrite     read   fwrite frewrite   fread  freread
          131072       4  153458  220051   575091   575543  533005  169842                                                          
          131072       8  265386  350968   761865   761289  716749  290949                                                          
          131072      16  410320  515232   943241   944118  900590  455534                                                          
          131072      32  557163  689587  1075145  1074934 1029688  614813                                                          
          262144       4  150863  214739   539975   540012  472828  164749                                                          
          262144       8  234933  247466   762853   762991  684383  180634                                                          
          262144      16  193587  247604   821144   842980  772179  219539                                                          
          262144      32  296550  266846  1068662  1069242 1011623  285320                                                          
          524288       4  136637  176871   528664   520288  457657  130149                                                          
          524288       8  164657  197282   307221   349500   12198  199185                                                          
          524288      16  204054  221791   887778   909327  844778  220028                                                          
          524288      32  289974  287716  1067239  1066412  998124  283787                                                          
         1048576       4  123981   57343    63541    65119    1360    3015                                                          
         1048576       8  177199  198802   756575   757380  666807    1281                                                          
         1048576      16  219909  242291   933284   934209  847752  219012                                                          
         1048576      32  263519   76846   141605   155960   11125  292139                                                          
         2097152       4   66283   90103    75676    76830    1459  138027                                                          
         2097152       8   56273   55337    56323    56364     732   27744                                                          
         2097152      16   52765   51624    51053    50709    1434   35305                                                          
         2097152      32   53181   47342    44986    47108    2801  139752                                                          

iozone test complete.
Excel output is below:

"Writer report"
        "4"  "8"  "16"  "32"
"131072"   153458  265386  410320  557163 
"262144"   150863  234933  193587  296550 
"524288"   136637  164657  204054  289974 
"1048576"   123981  177199  219909  263519 
"2097152"   66283  56273  52765  53181 

"Re-writer report"
        "4"  "8"  "16"  "32"
"131072"   220051  350968  515232  689587 
"262144"   214739  247466  247604  266846 
"524288"   176871  197282  221791  287716 
"1048576"   57343  198802  242291  76846 
"2097152"   90103  55337  51624  47342 

"Reader report"
        "4"  "8"  "16"  "32"
"131072"   575091  761865  943241  1075145 
"262144"   539975  762853  821144  1068662 
"524288"   528664  307221  887778  1067239 
"1048576"   63541  756575  933284  141605 
"2097152"   75676  56323  51053  44986 

"Re-Reader report"
        "4"  "8"  "16"  "32"
"131072"   575543  761289  944118  1074934 
"262144"   540012  762991  842980  1069242 
"524288"   520288  349500  909327  1066412 
"1048576"   65119  757380  934209  155960 
"2097152"   76830  56364  50709  47108 

"Random read report"
        "4"  "8"  "16"  "32"
"131072"   533005  716749  900590  1029688 
"262144"   472828  684383  772179  1011623 
"524288"   457657  12198  844778  998124 
"1048576"   1360  666807  847752  11125 
"2097152"   1459  732  1434  2801 

"Random write report"
        "4"  "8"  "16"  "32"
"131072"   169842  290949  455534  614813 
"262144"   164749  180634  219539  285320 
"524288"   130149  199185  220028  283787 
"1048576"   3015  1281  219012  292139 
"2097152"   138027  27744  35305  139752 
	Iozone: Performance Test of File I/O
	        Version $Revision: 3.397 $
		Compiled for 32 bit mode.
		Build: linux 

	Contributors:William Norcott, Don Capps, Isom Crawford, Kirby Collins
	             Al Slater, Scott Rhine, Mike Wisner, Ken Goss
	             Steve Landherr, Brad Smith, Mark Kelly, Dr. Alain CYR,
	             Randy Dunlap, Mark Montague, Dan Million, Gavin Brebner,
	             Jean-Marc Zucconi, Jeff Blomberg, Benny Halevy, Dave Boone,
	             Erik Habbinga, Kris Strecker, Walter Wong, Joshua Root,
	             Fabrice Bacchella, Zhenghua Xue, Qin Li, Darren Sawyer.
	             Ben England.

	Run began: Tue Oct  9 22:08:15 2012

	Auto Mode
	Cross over of record size disabled.
	Using minimum file size of 131072 kilobytes.
	Using maximum file size of 2097152 kilobytes.
	Using Maximum Record Size 32 KB
	O_DIRECT feature enabled
	Excel chart generation enabled
	Command line used: iozone -az -i 0 -i 1 -i 2 -n 128M -g 2G -q 32K -I -f /media/bcache/tmp -Rb /home/brainfree/io_tests/results/writeback_script_cfq_v2.1_09-10-12_19:28:34.ods
	Output is in Kbytes/sec
	Time Resolution = 0.000001 seconds.
	Processor cache size set to 1024 Kbytes.
	Processor cache line size set to 32 bytes.
	File stride size set to 17 * record size.
                                                            random  random    bkwd   record   stride                                   
              KB  reclen   write rewrite    read    reread    read   write    read  rewrite     read   fwrite frewrite   fread  freread
          131072       4   40077   42539   552442   554020