############### THE GATES ARE OPEN ###############

################ GATE 1: DEVICES ################
Cache set: /dev/ram0
Backing device: /dev/sda7


Created ramdisks with size 2621440 bytes
Formated backing device as ext3

################## GATE 2: FORMATTING ##################
Cache set has been formatted
UUID:			90500b6c-264f-4ddf-916a-9bfca2489361
Set UUID:		a4010258-a33a-49d4-8d68-993c26df8634
nbuckets:		70160
block_size:		8
bucket_size:		1024
nr_in_set:		1
nr_this_dev:		0
first_bucket:		1
Backing device has been formatted
Cache set has been registered
Backing device has been registered
Bcache special device is dev/bcache9.
Bcache special device has been formatted and mounted
#################### GATE 3: BENCHMARKS ################
	Iozone: Performance Test of File I/O
	        Version $Revision: 3.397 $
		Compiled for 32 bit mode.
		Build: linux 

	Contributors:William Norcott, Don Capps, Isom Crawford, Kirby Collins
	             Al Slater, Scott Rhine, Mike Wisner, Ken Goss
	             Steve Landherr, Brad Smith, Mark Kelly, Dr. Alain CYR,
	             Randy Dunlap, Mark Montague, Dan Million, Gavin Brebner,
	             Jean-Marc Zucconi, Jeff Blomberg, Benny Halevy, Dave Boone,
	             Erik Habbinga, Kris Strecker, Walter Wong, Joshua Root,
	             Fabrice Bacchella, Zhenghua Xue, Qin Li, Darren Sawyer.
	             Ben England.

	Run began: Thu Oct 11 18:00:20 2012

	Auto Mode
	Cross over of record size disabled.
	Using minimum file size of 131072 kilobytes.
	Using maximum file size of 2097152 kilobytes.
	Using Maximum Record Size 32 KB
	O_DIRECT feature enabled
	Excel chart generation enabled
	Command line used: iozone -az -i 0 -i 1 -i 2 -n 128M -g 2G -q 32K -I -f /media/bcache/tmp -Rb /home/brainfree/playground/io_tests/results/writeback_script_cfq_v1_11-10-12_17:59:54.ods
	Output is in Kbytes/sec
	Time Resolution = 0.000001 seconds.
	Processor cache size set to 1024 Kbytes.
	Processor cache line size set to 32 bytes.
	File stride size set to 17 * record size.
                                                            random  random    bkwd   record   stride                                   
              KB  reclen   write rewrite    read    reread    read   write    read  rewrite     read   fwrite frewrite   fread  freread
          131072       4  128780  189917   573092   576163  534636  148720                                                          
          131072       8  214984  292475   735334   754362  712111  244264                                                          
          131072      16  335217  428109   925838   936549  895251  379356                                                          
          131072      32  448442  565619  1043866  1063869 1023112  463689                                                          
          262144       4  129157  180867   532216   533925  474827  142360                                                          
          262144       8  193055  193143   744655   753430  686775  166278                                                          
          262144      16  201232  212788   920177   923471  855675  237002                                                          
          262144      32  277854  273150  1046032  1051528  985240  286691                                                          
          524288       4  110553  135540   527599   533673  463954  118660                                                          
          524288       8  180838  184620   722291   730784  641779  158642                                                          
          524288      16  182621  216831   487113   445793   18801  152078                                                          
          524288      32  163962  235766  1022601  1034161  986689  283777                                                          
         1048576       4  100959  143279   460737   482201   86984   95940                                                          
         1048576       8  115016  138928   292507   323195   13051  157696                                                          
         1048576      16  100267   87391   141531   158700